# JRE version: OpenJDK Runtime Environment (11.0.10) (build 11.0.10+0-b96-7249189)
# Java VM: OpenJDK 64-Bit Server VM (11.0.10+0-b96-7249189, mixed mode, tiered, compressed oops, g1 gc, windows-amd64)
Heap:
 garbage-first heap   total 887808K, used 185917K [0x0000000080000000, 0x0000000100000000)
  region size 1024K, 3 young (3072K), 3 survivors (3072K)
 Metaspace       used 120124K, capacity 123438K, committed 123556K, reserved 1157120K
  class space    used 15115K, capacity 16395K, committed 16512K, reserved 1048576K
GC Heap History (20 events):
Event: 31.127 GC heap after
{Heap after GC invocations=67 (full 0):
 garbage-first heap   total 225280K, used 179595K [0x0000000080000000, 0x0000000100000000)
  region size 1024K, 3 young (3072K), 3 survivors (3072K)
 Metaspace       used 118763K, capacity 122123K, committed 122276K, reserved 1155072K
  class space    used 14901K, capacity 16191K, committed 16256K, reserved 1048576K
}
Event: 31.175 GC heap before
{Heap before GC invocations=67 (full 0):
 garbage-first heap   total 225280K, used 194955K [0x0000000080000000, 0x0000000100000000)
  region size 1024K, 18 young (18432K), 3 survivors (3072K)
 Metaspace       used 118823K, capacity 122127K, committed 122276K, reserved 1155072K
  class space    used 14908K, capacity 16192K, committed 16256K, reserved 1048576K
}
Event: 31.179 GC heap after
{Heap after GC invocations=68 (full 0):
 garbage-first heap   total 225280K, used 183147K [0x0000000080000000, 0x0000000100000000)
  region size 1024K, 3 young (3072K), 3 survivors (3072K)
 Metaspace       used 118823K, capacity 122127K, committed 122276K, reserved 1155072K
  class space    used 14908K, capacity 16192K, committed 16256K, reserved 1048576K
}
Event: 31.195 GC heap before
{Heap before GC invocations=68 (full 0):
 garbage-first heap   total 225280K, used 195435K [0x0000000080000000, 0x0000000100000000)
  region size 1024K, 16 young (16384K), 3 survivors (3072K)
 Metaspace       used 118887K, capacity 122226K, committed 122276K, reserved 1155072K
  class space    used 14912K, capacity 16225K, committed 16256K, reserved 1048576K
}
Event: 31.201 GC heap after
{Heap after GC invocations=69 (full 0):
 garbage-first heap   total 225280K, used 187952K [0x0000000080000000, 0x0000000100000000)
  region size 1024K, 2 young (2048K), 2 survivors (2048K)
 Metaspace       used 118887K, capacity 122226K, committed 122276K, reserved 1155072K
  class space    used 14912K, capacity 16225K, committed 16256K, reserved 1048576K
}
Event: 31.216 GC heap before
{Heap before GC invocations=69 (full 0):
 garbage-first heap   total 225280K, used 196144K [0x0000000080000000, 0x0000000100000000)
  region size 1024K, 11 young (11264K), 2 survivors (2048K)
 Metaspace       used 119002K, capacity 122354K, committed 122532K, reserved 1155072K
  class space    used 14925K, capacity 16225K, committed 16256K, reserved 1048576K
}
Event: 31.221 GC heap after
{Heap after GC invocations=70 (full 0):
 garbage-first heap   total 225280K, used 190923K [0x0000000080000000, 0x0000000100000000)
  region size 1024K, 2 young (2048K), 2 survivors (2048K)
 Metaspace       used 119002K, capacity 122354K, committed 122532K, reserved 1155072K
  class space    used 14925K, capacity 16225K, committed 16256K, reserved 1048576K
}
Event: 31.244 GC heap before
{Heap before GC invocations=70 (full 0):
 garbage-first heap   total 225280K, used 199115K [0x0000000080000000, 0x0000000100000000)
  region size 1024K, 11 young (11264K), 2 survivors (2048K)
 Metaspace       used 119121K, capacity 122421K, committed 122532K, reserved 1155072K
  class space    used 14935K, capacity 16226K, committed 16256K, reserved 1048576K
}
Event: 31.254 GC heap after
{Heap after GC invocations=71 (full 0):
 garbage-first heap   total 225280K, used 193706K [0x0000000080000000, 0x0000000100000000)
  region size 1024K, 2 young (2048K), 2 survivors (2048K)
 Metaspace       used 119121K, capacity 122421K, committed 122532K, reserved 1155072K
  class space    used 14935K, capacity 16226K, committed 16256K, reserved 1048576K
}
Event: 31.276 GC heap before
{Heap before GC invocations=71 (full 0):
 garbage-first heap   total 225280K, used 201898K [0x0000000080000000, 0x0000000100000000)
  region size 1024K, 12 young (12288K), 2 survivors (2048K)
 Metaspace       used 119159K, capacity 122485K, committed 122532K, reserved 1155072K
  class space    used 14942K, capacity 16226K, committed 16256K, reserved 1048576K
}
Event: 31.281 GC heap after
{Heap after GC invocations=72 (full 0):
 garbage-first heap   total 225280K, used 196034K [0x0000000080000000, 0x0000000100000000)
  region size 1024K, 2 young (2048K), 2 survivors (2048K)
 Metaspace       used 119159K, capacity 122485K, committed 122532K, reserved 1155072K
  class space    used 14942K, capacity 16226K, committed 16256K, reserved 1048576K
}
Event: 31.313 GC heap before
{Heap before GC invocations=72 (full 0):
 garbage-first heap   total 225280K, used 204226K [0x0000000080000000, 0x0000000100000000)
  region size 1024K, 11 young (11264K), 2 survivors (2048K)
 Metaspace       used 119330K, capacity 122677K, committed 122788K, reserved 1157120K
  class space    used 14953K, capacity 16226K, committed 16256K, reserved 1048576K
}
Event: 31.323 GC heap after
{Heap after GC invocations=73 (full 0):
 garbage-first heap   total 356352K, used 197705K [0x0000000080000000, 0x0000000100000000)
  region size 1024K, 2 young (2048K), 2 survivors (2048K)
 Metaspace       used 119330K, capacity 122677K, committed 122788K, reserved 1157120K
  class space    used 14953K, capacity 16226K, committed 16256K, reserved 1048576K
}
Event: 31.723 GC heap before
{Heap before GC invocations=73 (full 0):
 garbage-first heap   total 356352K, used 249929K [0x0000000080000000, 0x0000000100000000)
  region size 1024K, 54 young (55296K), 2 survivors (2048K)
 Metaspace       used 119867K, capacity 123204K, committed 123428K, reserved 1157120K
  class space    used 15073K, capacity 16357K, committed 16384K, reserved 1048576K
}
Event: 31.747 GC heap after
{Heap after GC invocations=74 (full 0):
 garbage-first heap   total 356352K, used 204784K [0x0000000080000000, 0x0000000100000000)
  region size 1024K, 7 young (7168K), 7 survivors (7168K)
 Metaspace       used 119867K, capacity 123204K, committed 123428K, reserved 1157120K
  class space    used 15073K, capacity 16357K, committed 16384K, reserved 1048576K
}
Event: 32.209 GC heap before
{Heap before GC invocations=74 (full 0):
 garbage-first heap   total 356352K, used 244720K [0x0000000080000000, 0x0000000100000000)
  region size 1024K, 61 young (62464K), 7 survivors (7168K)
 Metaspace       used 119977K, capacity 123352K, committed 123556K, reserved 1157120K
  class space    used 15101K, capacity 16388K, committed 16512K, reserved 1048576K
}
Event: 32.263 GC heap after
{Heap after GC invocations=75 (full 0):
 garbage-first heap   total 356352K, used 201664K [0x0000000080000000, 0x0000000100000000)
  region size 1024K, 8 young (8192K), 8 survivors (8192K)
 Metaspace       used 119977K, capacity 123352K, committed 123556K, reserved 1157120K
  class space    used 15101K, capacity 16388K, committed 16512K, reserved 1048576K
}
Event: 32.488 GC heap before
{Heap before GC invocations=76 (full 0):
 garbage-first heap   total 356352K, used 261056K [0x0000000080000000, 0x0000000100000000)
  region size 1024K, 66 young (67584K), 8 survivors (8192K)
 Metaspace       used 120121K, capacity 123438K, committed 123556K, reserved 1157120K
  class space    used 15115K, capacity 16395K, committed 16512K, reserved 1048576K
}
Event: 32.504 GC heap after
{Heap after GC invocations=77 (full 0):
 garbage-first heap   total 356352K, used 211881K [0x0000000080000000, 0x0000000100000000)
  region size 1024K, 9 young (9216K), 9 survivors (9216K)
 Metaspace       used 120121K, capacity 123438K, committed 123556K, reserved 1157120K
  class space    used 15115K, capacity 16395K, committed 16512K, reserved 1048576K
}
Event: 32.516 GC heap before
{Heap before GC invocations=77 (full 0):
 garbage-first heap   total 356352K, used 220073K [0x0000000080000000, 0x0000000100000000)
  region size 1024K, 17 young (17408K), 9 survivors (9216K)
 Metaspace       used 120124K, capacity 123438K, committed 123556K, reserved 1157120K
  class space    used 15115K, capacity 16395K, committed 16512K, reserved 1048576K
}

