# JRE version: OpenJDK Runtime Environment (11.0.8+10) (build 11.0.8+10-b944.6842174)
# Java VM: OpenJDK 64-Bit Server VM (11.0.8+10-b944.6842174, mixed mode, tiered, compressed oops, g1 gc, windows-amd64)
Heap:
 garbage-first heap   total 1089536K, used 215015K [0x0000000080000000, 0x0000000100000000)
  region size 1024K, 14 young (14336K), 14 survivors (14336K)
 Metaspace       used 136544K, capacity 140917K, committed 141180K, reserved 1171456K
  class space    used 17172K, capacity 18917K, committed 18944K, reserved 1048576K
GC Heap History (20 events):
Event: 48.204 GC heap after
{Heap after GC invocations=91 (full 0):
 garbage-first heap   total 187392K, used 151371K [0x0000000080000000, 0x0000000100000000)
  region size 1024K, 2 young (2048K), 2 survivors (2048K)
 Metaspace       used 124289K, capacity 127245K, committed 127484K, reserved 1161216K
  class space    used 15085K, capacity 16174K, committed 16256K, reserved 1048576K
}
Event: 48.281 GC heap before
{Heap before GC invocations=92 (full 0):
 garbage-first heap   total 187392K, used 160587K [0x0000000080000000, 0x0000000100000000)
  region size 1024K, 12 young (12288K), 2 survivors (2048K)
 Metaspace       used 124310K, capacity 127310K, committed 127484K, reserved 1161216K
  class space    used 15085K, capacity 16174K, committed 16256K, reserved 1048576K
}
Event: 48.283 GC heap after
{Heap after GC invocations=93 (full 0):
 garbage-first heap   total 187392K, used 152284K [0x0000000080000000, 0x0000000100000000)
  region size 1024K, 2 young (2048K), 2 survivors (2048K)
 Metaspace       used 124310K, capacity 127310K, committed 127484K, reserved 1161216K
  class space    used 15085K, capacity 16174K, committed 16256K, reserved 1048576K
}
Event: 48.316 GC heap before
{Heap before GC invocations=93 (full 0):
 garbage-first heap   total 187392K, used 158428K [0x0000000080000000, 0x0000000100000000)
  region size 1024K, 9 young (9216K), 2 survivors (2048K)
 Metaspace       used 124425K, capacity 127416K, committed 127740K, reserved 1161216K
  class space    used 15099K, capacity 16181K, committed 16256K, reserved 1048576K
}
Event: 48.328 GC heap after
{Heap after GC invocations=94 (full 0):
 garbage-first heap   total 187392K, used 132931K [0x0000000080000000, 0x0000000100000000)
  region size 1024K, 2 young (2048K), 2 survivors (2048K)
 Metaspace       used 124425K, capacity 127416K, committed 127740K, reserved 1161216K
  class space    used 15099K, capacity 16181K, committed 16256K, reserved 1048576K
}
Event: 48.394 GC heap before
{Heap before GC invocations=94 (full 0):
 garbage-first heap   total 187392K, used 144195K [0x0000000080000000, 0x0000000100000000)
  region size 1024K, 9 young (9216K), 2 survivors (2048K)
 Metaspace       used 124655K, capacity 127640K, committed 127740K, reserved 1161216K
  class space    used 15123K, capacity 16213K, committed 16256K, reserved 1048576K
}
Event: 48.449 GC heap after
{Heap after GC invocations=95 (full 0):
 garbage-first heap   total 187392K, used 123980K [0x0000000080000000, 0x0000000100000000)
  region size 1024K, 2 young (2048K), 2 survivors (2048K)
 Metaspace       used 124655K, capacity 127640K, committed 127740K, reserved 1161216K
  class space    used 15123K, capacity 16213K, committed 16256K, reserved 1048576K
}
Event: 48.557 GC heap before
{Heap before GC invocations=95 (full 0):
 garbage-first heap   total 187392K, used 146508K [0x0000000080000000, 0x0000000100000000)
  region size 1024K, 23 young (23552K), 2 survivors (2048K)
 Metaspace       used 125229K, capacity 128217K, committed 128380K, reserved 1161216K
  class space    used 15220K, capacity 16320K, committed 16384K, reserved 1048576K
}
Event: 48.565 GC heap after
{Heap after GC invocations=96 (full 0):
 garbage-first heap   total 187392K, used 126754K [0x0000000080000000, 0x0000000100000000)
  region size 1024K, 3 young (3072K), 3 survivors (3072K)
 Metaspace       used 125229K, capacity 128217K, committed 128380K, reserved 1161216K
  class space    used 15220K, capacity 16320K, committed 16384K, reserved 1048576K
}
Event: 48.659 GC heap before
{Heap before GC invocations=96 (full 0):
 garbage-first heap   total 187392K, used 147234K [0x0000000080000000, 0x0000000100000000)
  region size 1024K, 24 young (24576K), 3 survivors (3072K)
 Metaspace       used 125537K, capacity 128644K, committed 129020K, reserved 1161216K
  class space    used 15269K, capacity 16388K, committed 16512K, reserved 1048576K
}
Event: 48.664 GC heap after
{Heap after GC invocations=97 (full 0):
 garbage-first heap   total 187392K, used 129891K [0x0000000080000000, 0x0000000100000000)
  region size 1024K, 3 young (3072K), 3 survivors (3072K)
 Metaspace       used 125537K, capacity 128644K, committed 129020K, reserved 1161216K
  class space    used 15269K, capacity 16388K, committed 16512K, reserved 1048576K
}
Event: 48.772 GC heap before
{Heap before GC invocations=97 (full 0):
 garbage-first heap   total 187392K, used 149347K [0x0000000080000000, 0x0000000100000000)
  region size 1024K, 23 young (23552K), 3 survivors (3072K)
 Metaspace       used 126537K, capacity 129769K, committed 129916K, reserved 1163264K
  class space    used 15431K, capacity 16578K, committed 16640K, reserved 1048576K
}
Event: 48.840 GC heap after
{Heap after GC invocations=98 (full 0):
 garbage-first heap   total 416768K, used 134276K [0x0000000080000000, 0x0000000100000000)
  region size 1024K, 3 young (3072K), 3 survivors (3072K)
 Metaspace       used 126537K, capacity 129769K, committed 129916K, reserved 1163264K
  class space    used 15431K, capacity 16578K, committed 16640K, reserved 1048576K
}
Event: 49.352 GC heap before
{Heap before GC invocations=98 (full 0):
 garbage-first heap   total 416768K, used 240772K [0x0000000080000000, 0x0000000100000000)
  region size 1024K, 97 young (99328K), 3 survivors (3072K)
 Metaspace       used 130978K, capacity 134886K, committed 135036K, reserved 1167360K
  class space    used 16306K, capacity 17864K, committed 17920K, reserved 1048576K
}
Event: 49.391 GC heap after
{Heap after GC invocations=99 (full 0):
 garbage-first heap   total 416768K, used 170247K [0x0000000080000000, 0x0000000100000000)
  region size 1024K, 13 young (13312K), 13 survivors (13312K)
 Metaspace       used 130978K, capacity 134886K, committed 135036K, reserved 1167360K
  class space    used 16306K, capacity 17864K, committed 17920K, reserved 1048576K
}
Event: 49.814 GC heap before
{Heap before GC invocations=99 (full 0):
 garbage-first heap   total 416768K, used 265479K [0x0000000080000000, 0x0000000100000000)
  region size 1024K, 106 young (108544K), 13 survivors (13312K)
 Metaspace       used 135594K, capacity 139900K, committed 140156K, reserved 1171456K
  class space    used 17120K, capacity 18870K, committed 18944K, reserved 1048576K
}
Event: 49.849 GC heap after
{Heap after GC invocations=100 (full 0):
 garbage-first heap   total 416768K, used 186233K [0x0000000080000000, 0x0000000100000000)
  region size 1024K, 14 young (14336K), 14 survivors (14336K)
 Metaspace       used 135594K, capacity 139900K, committed 140156K, reserved 1171456K
  class space    used 17120K, capacity 18870K, committed 18944K, reserved 1048576K
}
Event: 50.116 GC heap before
{Heap before GC invocations=100 (full 0):
 garbage-first heap   total 416768K, used 280441K [0x0000000080000000, 0x0000000100000000)
  region size 1024K, 107 young (109568K), 14 survivors (14336K)
 Metaspace       used 135916K, capacity 140244K, committed 140412K, reserved 1171456K
  class space    used 17138K, capacity 18873K, committed 18944K, reserved 1048576K
}
Event: 50.135 GC heap after
{Heap after GC invocations=101 (full 0):
 garbage-first heap   total 416768K, used 189731K [0x0000000080000000, 0x0000000100000000)
  region size 1024K, 7 young (7168K), 7 survivors (7168K)
 Metaspace       used 135916K, capacity 140244K, committed 140412K, reserved 1171456K
  class space    used 17138K, capacity 18873K, committed 18944K, reserved 1048576K
}
Event: 50.472 GC heap before
{Heap before GC invocations=101 (full 0):
 garbage-first heap   total 416768K, used 314659K [0x0000000080000000, 0x0000000100000000)
  region size 1024K, 106 young (108544K), 7 survivors (7168K)
 Metaspace       used 136544K, capacity 140917K, committed 141180K, reserved 1171456K
  class space    used 17172K, capacity 18917K, committed 18944K, reserved 1048576K
}

